# JRE version: OpenJDK Runtime Environment Microsoft-11369940 (21.0.7+6) (build 21.0.7+6-LTS)
# Java VM: OpenJDK 64-Bit Server VM Microsoft-11369940 (21.0.7+6-LTS, mixed mode, sharing, tiered, compressed oops, compressed class ptrs, g1 gc, windows-amd64)
GC Precious Log:
 CardTable entry size: 512
 Card Set container configuration: InlinePtr #cards 4 size 8 Array Of Cards #cards 16 size 48 Howl #buckets 8 coarsen threshold 3686 Howl Bitmap #cards 512 size 80 coarsen threshold 460 Card regions per heap region 1 cards per card region 4096
 CPUs: 4 total, 4 available
 Memory: 12154M
 Large Page Support: Disabled
 NUMA Support: Disabled
 Compressed Oops: Enabled (Zero based)
 Heap Region Size: 2M
 Heap Min Capacity: 8M
 Heap Initial Capacity: 190M
 Heap Max Capacity: 3040M
 Pre-touch: Disabled
 Parallel Workers: 4
 Concurrent Workers: 1
 Concurrent Refinement Workers: 4
 Periodic GC: Disabled
Heap:
 garbage-first heap   total 59392K, used 28415K [0x0000000742000000, 0x0000000800000000)
  region size 2048K, 2 young (4096K), 1 survivors (2048K)
 Metaspace       used 69290K, committed 70016K, reserved 1114112K
  class space    used 9209K, committed 9536K, reserved 1048576K
GC Heap History (20 events):
Event: 8.049 GC heap before
{Heap before GC invocations=5 (full 0):
 garbage-first heap   total 49152K, used 35121K [0x0000000742000000, 0x0000000800000000)
  region size 2048K, 14 young (28672K), 3 survivors (6144K)
 Metaspace       used 24090K, committed 24512K, reserved 1114112K
  class space    used 2884K, committed 3136K, reserved 1048576K
}
Event: 8.068 GC heap after
{Heap after GC invocations=6 (full 0):
 garbage-first heap   total 49152K, used 14594K [0x0000000742000000, 0x0000000800000000)
  region size 2048K, 2 young (4096K), 2 survivors (4096K)
 Metaspace       used 24090K, committed 24512K, reserved 1114112K
  class space    used 2884K, committed 3136K, reserved 1048576K
}
Event: 9.821 GC heap before
{Heap before GC invocations=6 (full 0):
 garbage-first heap   total 49152K, used 33026K [0x0000000742000000, 0x0000000800000000)
  region size 2048K, 11 young (22528K), 2 survivors (4096K)
 Metaspace       used 27301K, committed 27840K, reserved 1114112K
  class space    used 3323K, committed 3584K, reserved 1048576K
}
Event: 9.838 GC heap after
{Heap after GC invocations=7 (full 0):
 garbage-first heap   total 59392K, used 16246K [0x0000000742000000, 0x0000000800000000)
  region size 2048K, 1 young (2048K), 1 survivors (2048K)
 Metaspace       used 27301K, committed 27840K, reserved 1114112K
  class space    used 3323K, committed 3584K, reserved 1048576K
}
Event: 14.210 GC heap before
{Heap before GC invocations=7 (full 0):
 garbage-first heap   total 59392K, used 46966K [0x0000000742000000, 0x0000000800000000)
  region size 2048K, 16 young (32768K), 1 survivors (2048K)
 Metaspace       used 33291K, committed 33920K, reserved 1114112K
  class space    used 4125K, committed 4416K, reserved 1048576K
}
Event: 14.227 GC heap after
{Heap after GC invocations=8 (full 0):
 garbage-first heap   total 59392K, used 18900K [0x0000000742000000, 0x0000000800000000)
  region size 2048K, 2 young (4096K), 2 survivors (4096K)
 Metaspace       used 33291K, committed 33920K, reserved 1114112K
  class space    used 4125K, committed 4416K, reserved 1048576K
}
Event: 14.984 GC heap before
{Heap before GC invocations=8 (full 0):
 garbage-first heap   total 59392K, used 22996K [0x0000000742000000, 0x0000000800000000)
  region size 2048K, 6 young (12288K), 2 survivors (4096K)
 Metaspace       used 35385K, committed 35968K, reserved 1114112K
  class space    used 4341K, committed 4608K, reserved 1048576K
}
Event: 14.998 GC heap after
{Heap after GC invocations=9 (full 0):
 garbage-first heap   total 59392K, used 20633K [0x0000000742000000, 0x0000000800000000)
  region size 2048K, 1 young (2048K), 1 survivors (2048K)
 Metaspace       used 35385K, committed 35968K, reserved 1114112K
  class space    used 4341K, committed 4608K, reserved 1048576K
}
Event: 17.040 GC heap before
{Heap before GC invocations=10 (full 0):
 garbage-first heap   total 59392K, used 47257K [0x0000000742000000, 0x0000000800000000)
  region size 2048K, 14 young (28672K), 1 survivors (2048K)
 Metaspace       used 43084K, committed 43712K, reserved 1114112K
  class space    used 5456K, committed 5760K, reserved 1048576K
}
Event: 17.048 GC heap after
{Heap after GC invocations=11 (full 0):
 garbage-first heap   total 59392K, used 21417K [0x0000000742000000, 0x0000000800000000)
  region size 2048K, 2 young (4096K), 2 survivors (4096K)
 Metaspace       used 43084K, committed 43712K, reserved 1114112K
  class space    used 5456K, committed 5760K, reserved 1048576K
}
Event: 19.103 GC heap before
{Heap before GC invocations=11 (full 0):
 garbage-first heap   total 59392K, used 45993K [0x0000000742000000, 0x0000000800000000)
  region size 2048K, 15 young (30720K), 2 survivors (4096K)
 Metaspace       used 50377K, committed 50944K, reserved 1114112K
  class space    used 6450K, committed 6720K, reserved 1048576K
}
Event: 19.112 GC heap after
{Heap after GC invocations=12 (full 0):
 garbage-first heap   total 59392K, used 23110K [0x0000000742000000, 0x0000000800000000)
  region size 2048K, 2 young (4096K), 2 survivors (4096K)
 Metaspace       used 50377K, committed 50944K, reserved 1114112K
  class space    used 6450K, committed 6720K, reserved 1048576K
}
Event: 20.802 GC heap before
{Heap before GC invocations=12 (full 0):
 garbage-first heap   total 59392K, used 47686K [0x0000000742000000, 0x0000000800000000)
  region size 2048K, 15 young (30720K), 2 survivors (4096K)
 Metaspace       used 58781K, committed 59392K, reserved 1114112K
  class space    used 7801K, committed 8064K, reserved 1048576K
}
Event: 20.815 GC heap after
{Heap after GC invocations=13 (full 0):
 garbage-first heap   total 59392K, used 24577K [0x0000000742000000, 0x0000000800000000)
  region size 2048K, 2 young (4096K), 2 survivors (4096K)
 Metaspace       used 58781K, committed 59392K, reserved 1114112K
  class space    used 7801K, committed 8064K, reserved 1048576K
}
Event: 21.377 GC heap before
{Heap before GC invocations=13 (full 0):
 garbage-first heap   total 59392K, used 28673K [0x0000000742000000, 0x0000000800000000)
  region size 2048K, 5 young (10240K), 2 survivors (4096K)
 Metaspace       used 60104K, committed 60736K, reserved 1114112K
  class space    used 7909K, committed 8192K, reserved 1048576K
}
Event: 21.389 GC heap after
{Heap after GC invocations=14 (full 0):
 garbage-first heap   total 59392K, used 25028K [0x0000000742000000, 0x0000000800000000)
  region size 2048K, 1 young (2048K), 1 survivors (2048K)
 Metaspace       used 60104K, committed 60736K, reserved 1114112K
  class space    used 7909K, committed 8192K, reserved 1048576K
}
Event: 24.812 GC heap before
{Heap before GC invocations=15 (full 0):
 garbage-first heap   total 59392K, used 51652K [0x0000000742000000, 0x0000000800000000)
  region size 2048K, 14 young (28672K), 1 survivors (2048K)
 Metaspace       used 64391K, committed 65088K, reserved 1114112K
  class space    used 8579K, committed 8896K, reserved 1048576K
}
Event: 24.832 GC heap after
{Heap after GC invocations=16 (full 0):
 garbage-first heap   total 59392K, used 27661K [0x0000000742000000, 0x0000000800000000)
  region size 2048K, 2 young (4096K), 2 survivors (4096K)
 Metaspace       used 64391K, committed 65088K, reserved 1114112K
  class space    used 8579K, committed 8896K, reserved 1048576K
}
Event: 109.611 GC heap before
{Heap before GC invocations=16 (full 0):
 garbage-first heap   total 59392K, used 48141K [0x0000000742000000, 0x0000000800000000)
  region size 2048K, 13 young (26624K), 2 survivors (4096K)
 Metaspace       used 69202K, committed 69952K, reserved 1114112K
  class space    used 9208K, committed 9536K, reserved 1048576K
}
Event: 109.626 GC heap after
{Heap after GC invocations=17 (full 0):
 garbage-first heap   total 59392K, used 28415K [0x0000000742000000, 0x0000000800000000)
  region size 2048K, 1 young (2048K), 1 survivors (2048K)
 Metaspace       used 69202K, committed 69952K, reserved 1114112K
  class space    used 9208K, committed 9536K, reserved 1048576K
}

